<?xml version="1.0" encoding="UTF-8"?>
<testng-results ignored="0" total="1" passed="1" failed="0" skipped="0">
  <reporter-output>
  </reporter-output>
  <suite started-at="2024-11-23T12:45:00 IST" name="Default suite" finished-at="2024-11-23T12:45:05 IST" duration-ms="4887">
    <groups>
    </groups>
    <test started-at="2024-11-23T12:45:00 IST" name="Default test" finished-at="2024-11-23T12:45:05 IST" duration-ms="4887">
      <class name="qapitol_workshop.CricbuzzrankTest">
        <test-method is-config="true" signature="beforesuite()[pri:0, instance:qapitol_workshop.CricbuzzrankTest@436813f3]" started-at="2024-11-23T12:45:00 IST" name="beforesuite" finished-at="2024-11-23T12:45:00 IST" duration-ms="6" status="PASS">
          <reporter-output>
          </reporter-output>
        </test-method> <!-- beforesuite -->
        <test-method is-config="true" signature="beforetest()[pri:0, instance:qapitol_workshop.CricbuzzrankTest@436813f3]" started-at="2024-11-23T12:45:00 IST" name="beforetest" finished-at="2024-11-23T12:45:00 IST" duration-ms="0" status="PASS">
          <reporter-output>
          </reporter-output>
        </test-method> <!-- beforetest -->
        <test-method is-config="true" signature="launchbrowser()[pri:0, instance:qapitol_workshop.CricbuzzrankTest@436813f3]" started-at="2024-11-23T12:45:00 IST" name="launchbrowser" finished-at="2024-11-23T12:45:02 IST" duration-ms="1295" status="PASS">
          <reporter-output>
          </reporter-output>
        </test-method> <!-- launchbrowser -->
        <test-method is-config="true" signature="login()[pri:0, instance:qapitol_workshop.CricbuzzrankTest@436813f3]" started-at="2024-11-23T12:45:02 IST" name="login" finished-at="2024-11-23T12:45:05 IST" duration-ms="3328" status="PASS">
          <reporter-output>
          </reporter-output>
        </test-method> <!-- login -->
        <test-method signature="rankTest()[pri:0, instance:qapitol_workshop.CricbuzzrankTest@436813f3]" started-at="2024-11-23T12:45:05 IST" name="rankTest" finished-at="2024-11-23T12:45:05 IST" duration-ms="239" status="PASS">
          <reporter-output>
          </reporter-output>
        </test-method> <!-- rankTest -->
      </class> <!-- qapitol_workshop.CricbuzzrankTest -->
    </test> <!-- Default test -->
  </suite> <!-- Default suite -->
</testng-results>
